<?xml version="1.0" encoding="UTF-8"?>
<!-- Generated by org.testng.reporters.JUnitReportReporter -->
<testsuite hostname="inxntb34" name="src.DataProviderExample" tests="3" failures="0" timestamp="26 Jun 2015 11:46:06 GMT" time="0.017" errors="0">
  <testcase name="f" time="0.014" classname="src.DataProviderExample"/>
  <testcase name="f" time="0.001" classname="src.DataProviderExample"/>
  <testcase name="f" time="0.002" classname="src.DataProviderExample"/>
</testsuite> <!-- src.DataProviderExample -->
