<?xml version="1.0" encoding="UTF-8"?>
<!-- Generated by org.testng.reporters.JUnitReportReporter -->
<testsuite hostname="inxntb34" name="src.Day1" tests="1" failures="1" timestamp="26 Jun 2015 09:57:18 GMT" time="0.000" errors="0">
  <testcase name="test1" time="0.000" classname="src.Day1"/>
</testsuite> <!-- src.Day1 -->
