<?xml version="1.0" encoding="UTF-8"?>
<!-- Generated by org.testng.reporters.JUnitReportReporter -->
<testsuite hostname="inxntb34" name="src.Annotations" tests="2" failures="0" timestamp="26 Jun 2015 09:57:18 GMT" time="0.005" errors="0">
  <testcase name="f" time="0.004" classname="src.Annotations"/>
  <testcase name="test2" time="0.001" classname="src.Annotations"/>
</testsuite> <!-- src.Annotations -->
